d:\opengl learning\openglcourseapp\openglcourseapp\debug\vc141.pdb
d:\opengl learning\openglcourseapp\openglcourseapp\debug\vc141.idb
d:\opengl learning\openglcourseapp\openglcourseapp\debug\glad.obj
d:\opengl learning\openglcourseapp\openglcourseapp\debug\transformationexample.obj
d:\opengl learning\openglcourseapp\openglcourseapp\debug\textureexercice3.obj
d:\opengl learning\openglcourseapp\openglcourseapp\debug\textureexercice2.obj
d:\opengl learning\openglcourseapp\openglcourseapp\debug\textureexercice1.obj
d:\opengl learning\openglcourseapp\openglcourseapp\debug\textureexample.obj
d:\opengl learning\openglcourseapp\openglcourseapp\debug\stb_image.obj
d:\opengl learning\openglcourseapp\openglcourseapp\debug\shaderexercice3.obj
d:\opengl learning\openglcourseapp\openglcourseapp\debug\shaderexercice2.obj
d:\opengl learning\openglcourseapp\openglcourseapp\debug\shaderexercice1.obj
d:\opengl learning\openglcourseapp\openglcourseapp\debug\shaderexample.obj
d:\opengl learning\openglcourseapp\openglcourseapp\debug\shader.obj
d:\opengl learning\openglcourseapp\openglcourseapp\debug\main.obj
d:\opengl learning\openglcourseapp\openglcourseapp\debug\hellowindow.obj
d:\opengl learning\openglcourseapp\openglcourseapp\debug\hellotriangle_2.obj
d:\opengl learning\openglcourseapp\openglcourseapp\debug\hellotriangle_1.obj
d:\opengl learning\openglcourseapp\openglcourseapp\debug\hellotriangle_3.obj
d:\opengl learning\openglcourseapp\openglcourseapp\debug\hellotriangle.obj
d:\opengl learning\openglcourseapp\openglcourseapp\debug\hellorectangle.obj
d:\opengl learning\openglcourseapp\openglcourseapp\debug\coordinatesystemexample.obj
d:\opengl learning\openglcourseapp\openglcourseapp\debug\camera.obj
d:\opengl learning\openglcourseapp\openglcourseapp\debug\transformationexercice.obj
d:\opengl learning\openglcourseapp\debug\openglcourseapp.ilk
d:\opengl learning\openglcourseapp\debug\openglcourseapp.exe
d:\opengl learning\openglcourseapp\debug\openglcourseapp.pdb
d:\opengl learning\openglcourseapp\openglcourseapp\debug\openglcourseapp.tlog\cl.command.1.tlog
d:\opengl learning\openglcourseapp\openglcourseapp\debug\openglcourseapp.tlog\cl.read.1.tlog
d:\opengl learning\openglcourseapp\openglcourseapp\debug\openglcourseapp.tlog\cl.write.1.tlog
d:\opengl learning\openglcourseapp\openglcourseapp\debug\openglcourseapp.tlog\link.command.1.tlog
d:\opengl learning\openglcourseapp\openglcourseapp\debug\openglcourseapp.tlog\link.read.1.tlog
d:\opengl learning\openglcourseapp\openglcourseapp\debug\openglcourseapp.tlog\link.write.1.tlog
